
Showing logs for build [32mcb-kubecd-environment-pr-162-9-fxfkx-1[0m stage [32mfrom-build-pack[0m and container [32mstep-credential-initializer-g66x8[0m
{"level":"warn","ts":1582007843.3422725,"logger":"fallback-logger","caller":"logging/config.go:69","msg":"Fetch GitHub commit ID from kodata failed: \"ref: refs/heads/0.8.0-**-support-backwards-incompats\" is not a valid GitHub commit ID"}
{"level":"info","ts":1582007843.343313,"logger":"fallback-logger","caller":"creds-init/main.go:40","msg":"Credentials initialized."}

Showing logs for build [32mcb-kubecd-environment-pr-162-9-fxfkx-1[0m stage [32mfrom-build-pack[0m and container [32mstep-working-dir-initializer-rzdss[0m
{"level":"warn","ts":1582007844.683711,"logger":"fallback-logger","caller":"logging/config.go:69","msg":"Fetch GitHub commit ID from kodata failed: open /var/run/ko/HEAD: no such file or directory"}
{"level":"info","ts":1582007844.6853163,"logger":"fallback-logger","caller":"bash/main.go:64","msg":"Successfully executed command \"sh -c mkdir -p /workspace/source\"; output "}

Showing logs for build [32mcb-kubecd-environment-pr-162-9-fxfkx-1[0m stage [32mfrom-build-pack[0m and container [32mstep-place-tools[0m

Showing logs for build [32mcb-kubecd-environment-pr-162-9-fxfkx-1[0m stage [32mfrom-build-pack[0m and container [32mstep-git-source-cb-kubecd-environment-pr-162-9-fxfkx-m5mtz[0m
{"level":"warn","ts":1582007872.7871928,"logger":"fallback-logger","caller":"logging/config.go:69","msg":"Fetch GitHub commit ID from kodata failed: \"ref: refs/heads/0.8.0-**-support-backwards-incompats\" is not a valid GitHub commit ID"}
{"level":"info","ts":1582007873.9574745,"logger":"fallback-logger","caller":"git/git.go:103","msg":"Successfully cloned https://github.com/cb-kubecd/environment-pr-162-9-boot-gke-production.git @ master in path /workspace/source"}

Showing logs for build [32mcb-kubecd-environment-pr-162-9-fxfkx-1[0m stage [32mfrom-build-pack[0m and container [32mstep-git-merge[0m
Using SHAs from PULL_REFS=master:ccc201c7b288d5ca49d172c5cf5c5d3cfd35b793,1:6858c4ea9e574900666c8a572529b5b825c1aeb6
DEBUG: LC_ALL=C JX_LOG_LEVEL=error git fetch origin --unshallow 6858c4ea9e574900666c8a572529b5b825c1aeb6: ccc201c7b288d5ca49d172c5cf5c5d3cfd35b793:
DEBUG: ran git fetch --unshallow origin 6858c4ea9e574900666c8a572529b5b825c1aeb6: ccc201c7b288d5ca49d172c5cf5c5d3cfd35b793: in 
DEBUG: LC_ALL=C JX_LOG_LEVEL=error git branch
DEBUG: LC_ALL=C JX_LOG_LEVEL=error git checkout master
DEBUG: ran git checkout master in 
DEBUG: LC_ALL=C JX_LOG_LEVEL=error git reset --hard ccc201c7b288d5ca49d172c5cf5c5d3cfd35b793
DEBUG: ran git reset --hard ccc201c7b288d5ca49d172c5cf5c5d3cfd35b793 in 
DEBUG: LC_ALL=C JX_LOG_LEVEL=error git clean -fd .
DEBUG: ran clean --force -d . in 
DEBUG: LC_ALL=C JX_LOG_LEVEL=error git merge 6858c4ea9e574900666c8a572529b5b825c1aeb6
DEBUG: ran git merge 6858c4ea9e574900666c8a572529b5b825c1aeb6 in 
DEBUG: LC_ALL=C JX_LOG_LEVEL=error git log --format=%H%x1f%an%x1f%ae%x1f%cn%x1f%ce%x1f%s%n%b%x1e ccc201c7b288d5ca49d172c5cf5c5d3cfd35b793..HEAD
Merged SHA 6858c4ea9e574900666c8a572529b5b825c1aeb6 with commit message 'chore: Promote bdd-spring-1582007001 to version 0.0.1' into base branch master

Showing logs for build [32mcb-kubecd-environment-pr-162-9-fxfkx-1[0m stage [32mfrom-build-pack[0m and container [32mstep-build-helm-build[0m
WARNING: No $CHART_REPOSITORY defined so using the default value of: http://jenkins-x-chartmuseum:8080
Adding missing Helm repo: storage.googleapis.com https://storage.googleapis.com/chartmuseum.jenkins-x.io
WARNING: No secrets found on "helm/repos" due: reading the secret "helm/repos" from vault: no secret "helm/repos" not found in vault
Read credentials for https://storage.googleapis.com/chartmuseum.jenkins-x.io from vault helm/repos
Successfully added Helm repository storage.googleapis.com.
Adding missing Helm repo: jenkins-x-chartmuseum http://jenkins-x-chartmuseum:8080
WARNING: No secrets found on "helm/repos" due: reading the secret "helm/repos" from vault: no secret "helm/repos" not found in vault
Read credentials for http://jenkins-x-chartmuseum:8080 from vault helm/repos
Successfully added Helm repository jenkins-x-chartmuseum.
WARNING: No $CHART_REPOSITORY defined so using the default value of: http://jenkins-x-chartmuseum:8080
Adding missing Helm repo: chartmuseum.jenkins-x.io http://chartmuseum.jenkins-x.io
WARNING: No secrets found on "helm/repos" due: reading the secret "helm/repos" from vault: no secret "helm/repos" not found in vault
Read credentials for http://chartmuseum.jenkins-x.io from vault helm/repos
Successfully added Helm repository chartmuseum.jenkins-x.io.
